0 verbose cli [
0 verbose cli   'C:\\Program Files\\nodejs\\node.exe',
0 verbose cli   'C:\\Users\\user\\AppData\\Roaming\\npm\\node_modules\\npm\\bin\\npm-cli.js',
0 verbose cli   'install',
0 verbose cli   '--save',
0 verbose cli   'react-native-fix-image'
0 verbose cli ]
1 info using npm@8.1.2
2 info using node@v16.13.0
3 timing npm:load:whichnode Completed in 0ms
4 timing config:load:defaults Completed in 1ms
5 timing config:load:file:C:\Users\user\AppData\Roaming\npm\node_modules\npm\npmrc Completed in 2ms
6 timing config:load:builtin Completed in 2ms
7 timing config:load:cli Completed in 2ms
8 timing config:load:env Completed in 1ms
9 timing config:load:file:C:\Users\user\Desktop\BlogApp\.npmrc Completed in 11ms
10 timing config:load:project Completed in 11ms
11 timing config:load:file:C:\Users\user\.npmrc Completed in 1ms
12 timing config:load:user Completed in 1ms
13 timing config:load:file:C:\Users\user\AppData\Roaming\npm\etc\npmrc Completed in 0ms
14 timing config:load:global Completed in 0ms
15 timing config:load:validate Completed in 0ms
16 timing config:load:credentials Completed in 1ms
17 timing config:load:setEnvs Completed in 1ms
18 timing config:load Completed in 21ms
19 timing npm:load:configload Completed in 21ms
20 timing npm:load:setTitle Completed in 0ms
21 timing npm:load:setupLog Completed in 1ms
22 timing config:load:flatten Completed in 2ms
23 timing npm:load:cleanupLog Completed in 3ms
24 timing npm:load:configScope Completed in 0ms
25 timing npm:load:projectScope Completed in 1ms
26 timing npm:load Completed in 29ms
27 timing arborist:ctor Completed in 0ms
28 timing idealTree:init Completed in 554ms
29 timing idealTree:userRequests Completed in 3ms
30 silly idealTree buildDeps
31 silly fetch manifest react-native-fix-image@*
32 timing arborist:ctor Completed in 0ms
33 http fetch GET 200 https://registry.npmjs.org/react-native-fix-image 2375ms (cache miss)
34 silly fetch manifest react-native@0.64.3
35 http fetch GET 200 https://registry.npmjs.org/react-native 12890ms (cache updated)
36 silly fetch manifest react-native@<0.63.2
37 silly fetch manifest react@17.0.1
38 http fetch GET 200 https://registry.npmjs.org/react 7368ms (cache updated)
39 timing idealTree Completed in 23233ms
40 timing command:install Completed in 23245ms
41 verbose stack Error: unable to resolve dependency tree
41 verbose stack     at Arborist.[failPeerConflict] (C:\Users\user\AppData\Roaming\npm\node_modules\npm\node_modules\@npmcli\arborist\lib\arborist\build-ideal-tree.js:1356:25)
41 verbose stack     at Arborist.[loadPeerSet] (C:\Users\user\AppData\Roaming\npm\node_modules\npm\node_modules\@npmcli\arborist\lib\arborist\build-ideal-tree.js:1322:34)
41 verbose stack     at async Arborist.[buildDepStep] (C:\Users\user\AppData\Roaming\npm\node_modules\npm\node_modules\@npmcli\arborist\lib\arborist\build-ideal-tree.js:930:11)
41 verbose stack     at async Arborist.buildIdealTree (C:\Users\user\AppData\Roaming\npm\node_modules\npm\node_modules\@npmcli\arborist\lib\arborist\build-ideal-tree.js:216:7)
41 verbose stack     at async Promise.all (index 1)
41 verbose stack     at async Arborist.reify (C:\Users\user\AppData\Roaming\npm\node_modules\npm\node_modules\@npmcli\arborist\lib\arborist\reify.js:149:5)
41 verbose stack     at async Install.install (C:\Users\user\AppData\Roaming\npm\node_modules\npm\lib\install.js:170:5)
42 verbose cwd C:\Users\user\Desktop\BlogApp
43 verbose Windows_NT 10.0.19042
44 verbose argv "C:\\Program Files\\nodejs\\node.exe" "C:\\Users\\user\\AppData\\Roaming\\npm\\node_modules\\npm\\bin\\npm-cli.js" "install" "--save" "react-native-fix-image"
45 verbose node v16.13.0
46 verbose npm  v8.1.2
47 error code ERESOLVE
48 error ERESOLVE unable to resolve dependency tree
49 error
50 error While resolving: [1mblogapp[22m@[1m1.0.0[22m
50 error Found: [1mreact-native[22m@[1m0.64.3[22m[2m[22m
50 error [2mnode_modules/react-native[22m
50 error   [1mreact-native[22m@"[1m0.64.3[22m" from the root project
50 error
50 error Could not resolve dependency:
50 error [35mpeer[39m [1mreact-native[22m@"[1m<0.63.2[22m" from [1mreact-native-fix-image[22m@[1m2.1.0[22m[2m[22m
50 error [2mnode_modules/react-native-fix-image[22m
50 error   [1mreact-native-fix-image[22m@"[1m*[22m" from the root project
50 error
50 error Fix the upstream dependency conflict, or retry
50 error this command with --force, or --legacy-peer-deps
50 error to accept an incorrect (and potentially broken) dependency resolution.
50 error
50 error See C:\Users\user\Desktop\BlogApp\tmpnodejsnpm-cache\eresolve-report.txt for a full report.
51 verbose exit 1
